current directory: /Users/atikpatel/Rails-Blog-CMS/th-pg-config=atikpatel/Library/PostgreSQL/9.5/bin/pg_config/gems/pg-0.18.4/ext
/Users/atikpatel/.rvm/rubies/ruby-2.3.0/bin/ruby -r ./siteconf20160129-80296-drv3u2.rb extconf.rb
checking for pg_config... no
No pg_config... trying anyway. If building fails, please try again with
 --with-pg-config=/path/to/pg_config
checking for libpq-fe.h... no
Can't find the 'libpq-fe.h header
*** extconf.rb failed ***
Could not create Makefile due to some reason, probably lack of necessary
libraries and/or headers.  Check the mkmf.log file for more details.  You may
need configuration options.

Provided configuration options:
	--with-opt-dir
	--with-opt-include
	--without-opt-include=${opt-dir}/include
	--with-opt-lib
	--without-opt-lib=${opt-dir}/lib
	--with-make-prog
	--without-make-prog
	--srcdir=.
	--curdir
	--ruby=/Users/atikpatel/.rvm/rubies/ruby-2.3.0/bin/$(RUBY_BASE_NAME)
	--with-pg
	--without-pg
	--enable-windows-cross
	--disable-windows-cross
	--with-pg-config
	--without-pg-config
	--with-pg_config
	--without-pg_config
	--with-pg-dir
	--without-pg-dir
	--with-pg-include
	--without-pg-include=${pg-dir}/include
	--with-pg-lib
	--without-pg-lib=${pg-dir}/lib

To see why this extension failed to compile, please check the mkmf.log which can be found here:

  /Users/atikpatel/Rails-Blog-CMS/th-pg-config=atikpatel/Library/PostgreSQL/9.5/bin/pg_config/extensions/x86_64-darwin-14/2.3.0/pg-0.18.4/mkmf.log

extconf failed, exit code 1
